0 verbose cli /opt/plesk/node/21/bin/node /opt/plesk/node/21/bin/npm
1 info using npm@10.2.4
2 info using node@v21.6.1
3 timing npm:load:whichnode Completed in 1ms
4 timing config:load:defaults Completed in 2ms
5 timing config:load:file:/opt/plesk/node/21/lib/node_modules/npm/npmrc Completed in 1ms
6 timing config:load:builtin Completed in 1ms
7 timing config:load:cli Completed in 2ms
8 timing config:load:env Completed in 0ms
9 timing config:load:project Completed in 1ms
10 timing config:load:file:/root/.npmrc Completed in 1ms
11 timing config:load:user Completed in 1ms
12 timing config:load:file:/opt/plesk/node/21/etc/npmrc Completed in 0ms
13 timing config:load:global Completed in 0ms
14 timing config:load:setEnvs Completed in 1ms
15 timing config:load Completed in 8ms
16 timing npm:load:configload Completed in 8ms
17 timing config:load:flatten Completed in 2ms
18 timing npm:load:mkdirpcache Completed in 0ms
19 timing npm:load:mkdirplogs Completed in 1ms
20 verbose title npm install yarn
21 verbose argv "install" "--global" "yarn"
22 timing npm:load:setTitle Completed in 0ms
23 timing npm:load:display Completed in 1ms
24 verbose logfile logs-max:10 dir:/root/.npm/_logs/2024-01-27T06_32_10_375Z-
25 verbose logfile /root/.npm/_logs/2024-01-27T06_32_10_375Z-debug-0.log
26 timing npm:load:logFile Completed in 8ms
27 timing npm:load:timers Completed in 0ms
28 timing npm:load:configScope Completed in 0ms
29 timing npm:load Completed in 35ms
30 timing config:load:flatten Completed in 1ms
31 timing arborist:ctor Completed in 1ms
32 silly logfile done cleaning log files
33 timing idealTree:init Completed in 6ms
34 timing idealTree:userRequests Completed in 2ms
35 silly idealTree buildDeps
36 silly fetch manifest yarn@*
37 http fetch GET 200 https://registry.npmjs.org/yarn 154ms (cache miss)
38 silly placeDep ROOT yarn@1.22.21 OK for:  want: *
39 timing idealTree:#root Completed in 164ms
40 timing idealTree:node_modules/yarn Completed in 0ms
41 timing idealTree:buildDeps Completed in 166ms
42 timing idealTree:fixDepFlags Completed in 1ms
43 timing idealTree Completed in 178ms
44 timing reify:loadTrees Completed in 181ms
45 timing reify:diffTrees Completed in 1ms
46 silly reify moves {}
47 timing reify:retireShallow Completed in 1ms
48 timing reify:createSparse Completed in 0ms
49 timing reify:loadBundles Completed in 0ms
50 silly tarball no local data for yarn@https://registry.npmjs.org/yarn/-/yarn-1.22.21.tgz. Extracting by manifest.
51 http fetch GET 200 https://registry.npmjs.org/npm 256ms (cache miss)
52 http fetch GET 200 https://registry.npmjs.org/yarn/-/yarn-1.22.21.tgz 94ms (cache miss)
53 timing reifyNode:node_modules/yarn Completed in 100ms
54 timing reify:unpack Completed in 101ms
55 timing reify:unretire Completed in 0ms
56 timing build:queue Completed in 1ms
57 info run yarn@1.22.21 preinstall node_modules/yarn :; (node ./preinstall.js > /dev/null 2>&1 || true)
58 info run yarn@1.22.21 preinstall { code: 0, signal: null }
59 timing build:run:preinstall:node_modules/yarn Completed in 7ms
60 timing build:run:preinstall Completed in 8ms
61 timing build:link:node_modules/yarn Completed in 2ms
62 timing build:link Completed in 2ms
63 timing build:deps Completed in 11ms
64 timing build Completed in 11ms
65 timing reify:build Completed in 11ms
66 timing reify:trash Completed in 0ms
67 timing reify Completed in 354ms
68 silly ADD node_modules/yarn
69 timing command:install Completed in 359ms
70 notice
70 notice New minor version of npm available! 10.2.4 -> 10.4.0
70 notice Changelog: <https://github.com/npm/cli/releases/tag/v10.4.0>
70 notice Run `npm install -g npm@10.4.0` to update!
70 notice
71 verbose exit 0
72 timing npm Completed in 559ms
73 info ok
